demo/build/intermediates/manifest_merge_blame_file/debug/manifest-merger-blame-debug-report.txt
1<?xml version="1.0" encoding="utf-8"?>
2<manifest xmlns:android="http://schemas.android.com/apk/res/android"
3    package="com.example.aisearch"
4    android:versionCode="3"
5    android:versionName="1.0.2" >
6
7    <uses-sdk
8        android:minSdkVersion="9"
8-->afterfont\demo\AndroidManifest.xml
9        android:targetSdkVersion="30" />
9-->afterfont\demo\AndroidManifest.xml
10
11    <permission
11-->afterfont\demo\AndroidManifest.xml:5:5-6:47
12        android:name="com.example.aisearch.permission.JPUSH_MESSAGE"
12-->afterfont\demo\AndroidManifest.xml:5:17-77
13        android:protectionLevel="signature" />
13-->afterfont\demo\AndroidManifest.xml:6:9-44
14
15    <!-- Required -->
16    <uses-permission android:name="com.example.aisearch.permission.JPUSH_MESSAGE" />
16-->afterfont\demo\AndroidManifest.xml:9:5-85
16-->afterfont\demo\AndroidManifest.xml:9:22-82
17    <uses-permission android:name="android.permission.RECEIVE_USER_PRESENT" />
17-->afterfont\demo\AndroidManifest.xml:10:5-79
17-->afterfont\demo\AndroidManifest.xml:10:22-76
18    <uses-permission android:name="android.permission.INTERNET" />
18-->afterfont\demo\AndroidManifest.xml:11:5-67
18-->afterfont\demo\AndroidManifest.xml:11:22-64
19    <uses-permission android:name="android.permission.WAKE_LOCK" />
19-->afterfont\demo\AndroidManifest.xml:12:5-68
19-->afterfont\demo\AndroidManifest.xml:12:22-65
20    <uses-permission android:name="android.permission.READ_PHONE_STATE" />
20-->afterfont\demo\AndroidManifest.xml:13:5-75
20-->afterfont\demo\AndroidManifest.xml:13:22-72
21    <uses-permission android:name="android.permission.READ_EXTERNAL_STORAGE" />
21-->afterfont\demo\AndroidManifest.xml:14:5-80
21-->afterfont\demo\AndroidManifest.xml:14:22-77
22    <uses-permission android:name="android.permission.MOUNT_UNMOUNT_FILESYSTEMS" />
22-->afterfont\demo\AndroidManifest.xml:15:5-84
22-->afterfont\demo\AndroidManifest.xml:15:22-81
23    <uses-permission android:name="android.permission.ACCESS_NETWORK_STATE" />
23-->afterfont\demo\AndroidManifest.xml:16:5-79
23-->afterfont\demo\AndroidManifest.xml:16:22-76
24    <uses-permission android:name="android.permission.WRITE_SETTINGS" />
24-->afterfont\demo\AndroidManifest.xml:17:5-73
24-->afterfont\demo\AndroidManifest.xml:17:22-70
25    <uses-permission android:name="android.permission.ACCESS_WIFI_STATE" />
25-->afterfont\demo\AndroidManifest.xml:18:5-76
25-->afterfont\demo\AndroidManifest.xml:18:22-73
26
27    <!-- Required for jmrtc -->
28    <uses-permission android:name="android.permission.RECORD_AUDIO" />
28-->afterfont\demo\AndroidManifest.xml:21:5-71
28-->afterfont\demo\AndroidManifest.xml:21:22-68
29    <uses-permission android:name="android.permission.CAMERA" />
29-->afterfont\demo\AndroidManifest.xml:22:5-65
29-->afterfont\demo\AndroidManifest.xml:22:22-62
30    <uses-permission android:name="android.permission.MODIFY_AUDIO_SETTINGS" />
30-->afterfont\demo\AndroidManifest.xml:23:5-80
30-->afterfont\demo\AndroidManifest.xml:23:22-77
31
32    <!-- Optional. Required for location feature -->
33    <uses-permission android:name="android.permission.SYSTEM_ALERT_WINDOW" />
33-->afterfont\demo\AndroidManifest.xml:26:5-78
33-->afterfont\demo\AndroidManifest.xml:26:22-75
34    <uses-permission android:name="android.permission.ACCESS_COARSE_LOCATION" />
34-->afterfont\demo\AndroidManifest.xml:27:5-81
34-->afterfont\demo\AndroidManifest.xml:27:22-78
35    <uses-permission android:name="android.permission.ACCESS_FINE_LOCATION" />
35-->afterfont\demo\AndroidManifest.xml:28:5-79
35-->afterfont\demo\AndroidManifest.xml:28:22-76
36    <uses-permission android:name="android.permission.ACCESS_LOCATION_EXTRA_COMMANDS" />
36-->afterfont\demo\AndroidManifest.xml:29:5-89
36-->afterfont\demo\AndroidManifest.xml:29:22-86
37    <uses-permission android:name="android.permission.CHANGE_WIFI_STATE" />
37-->afterfont\demo\AndroidManifest.xml:30:5-76
37-->afterfont\demo\AndroidManifest.xml:30:22-73
38    <uses-permission android:name="android.permission.CHANGE_NETWORK_STATE" />
38-->afterfont\demo\AndroidManifest.xml:31:5-79
38-->afterfont\demo\AndroidManifest.xml:31:22-76
39    <uses-permission android:name="android.permission.GET_TASKS" />
39-->afterfont\demo\AndroidManifest.xml:32:5-68
39-->afterfont\demo\AndroidManifest.xml:32:22-65
40
41    <application
41-->afterfont\demo\AndroidManifest.xml:34:5-202:19
42        android:name="com.example.aisearch.base.myApplication"
42-->afterfont\demo\AndroidManifest.xml:35:9-43
43        android:label="@string/app_name" >
43-->afterfont\demo\AndroidManifest.xml:36:9-41
44
45        <!-- Required SDK 核心功能 -->
46        <!-- 可配置android:process参数将PushService放在其他进程中 -->
47        <service
47-->afterfont\demo\AndroidManifest.xml:40:9-47:19
48            android:name="im.sdk.debug.PushService"
48-->afterfont\demo\AndroidManifest.xml:41:13-52
49            android:enabled="true"
49-->afterfont\demo\AndroidManifest.xml:42:13-35
50            android:exported="false"
50-->afterfont\demo\AndroidManifest.xml:43:13-37
51            android:process=":pushcore" >
51-->afterfont\demo\AndroidManifest.xml:43:38-65
52            <intent-filter>
52-->afterfont\demo\AndroidManifest.xml:44:13-46:29
53                <action android:name="cn.jiguang.user.service.action" />
53-->afterfont\demo\AndroidManifest.xml:45:17-73
53-->afterfont\demo\AndroidManifest.xml:45:25-70
54            </intent-filter>
55        </service>
56
57        <!-- Required SDK核心功能 -->
58        <receiver
58-->afterfont\demo\AndroidManifest.xml:50:9-69:20
59            android:name="cn.jpush.android.service.PushReceiver"
59-->afterfont\demo\AndroidManifest.xml:51:13-65
60            android:enabled="true"
60-->afterfont\demo\AndroidManifest.xml:52:13-35
61            android:exported="false" >
61-->afterfont\demo\AndroidManifest.xml:52:36-60
62            <intent-filter android:priority="1000" >
62-->afterfont\demo\AndroidManifest.xml:53:13-57:29
62-->afterfont\demo\AndroidManifest.xml:53:28-51
63                <action android:name="cn.jpush.android.intent.NOTIFICATION_RECEIVED_PROXY" />
63-->afterfont\demo\AndroidManifest.xml:54:17-94
63-->afterfont\demo\AndroidManifest.xml:54:25-91
64                <!-- Required 显示通知栏 -->
65                <category android:name="com.example.aisearch" />
65-->afterfont\demo\AndroidManifest.xml:56:17-65
65-->afterfont\demo\AndroidManifest.xml:56:27-62
66            </intent-filter>
67            <intent-filter>
67-->afterfont\demo\AndroidManifest.xml:58:13-61:29
68                <action android:name="android.intent.action.USER_PRESENT" />
68-->afterfont\demo\AndroidManifest.xml:59:17-77
68-->afterfont\demo\AndroidManifest.xml:59:25-74
69                <action android:name="android.net.conn.CONNECTIVITY_CHANGE" />
69-->afterfont\demo\AndroidManifest.xml:60:17-79
69-->afterfont\demo\AndroidManifest.xml:60:25-76
70            </intent-filter>
71            <!-- Optional -->
72            <intent-filter>
72-->afterfont\demo\AndroidManifest.xml:63:13-68:29
73                <action android:name="android.intent.action.PACKAGE_ADDED" />
73-->afterfont\demo\AndroidManifest.xml:64:17-78
73-->afterfont\demo\AndroidManifest.xml:64:25-75
74                <action android:name="android.intent.action.PACKAGE_REMOVED" />
74-->afterfont\demo\AndroidManifest.xml:65:17-80
74-->afterfont\demo\AndroidManifest.xml:65:25-77
75
76                <data android:scheme="package" />
76-->afterfont\demo\AndroidManifest.xml:67:17-50
76-->afterfont\demo\AndroidManifest.xml:67:23-47
77            </intent-filter>
78        </receiver>
79
80        <!-- Required SDK核心功能 -->
81        <receiver
81-->afterfont\demo\AndroidManifest.xml:72:9-75:39
82            android:name="cn.jpush.im.android.helpers.IMReceiver"
82-->afterfont\demo\AndroidManifest.xml:73:13-66
83            android:enabled="true"
83-->afterfont\demo\AndroidManifest.xml:74:13-35
84            android:exported="false" />
84-->afterfont\demo\AndroidManifest.xml:75:13-37
85
86        <!-- Required SDK核心功能 -->
87        <receiver
87-->afterfont\demo\AndroidManifest.xml:78:9-80:40
88            android:name="cn.jpush.android.service.AlarmReceiver"
88-->afterfont\demo\AndroidManifest.xml:79:13-66
89            android:exported="false" />
89-->afterfont\demo\AndroidManifest.xml:80:13-37
90
91        <!-- Required since JCore 1.1.7. SDK 核心功能 -->
92        <provider
92-->afterfont\demo\AndroidManifest.xml:84:9-87:40
93            android:name="cn.jpush.android.service.DataProvider"
93-->afterfont\demo\AndroidManifest.xml:85:13-65
94            android:authorities="com.example.aisearch.DataProvider"
94-->afterfont\demo\AndroidManifest.xml:86:13-68
95            android:exported="false" />
95-->afterfont\demo\AndroidManifest.xml:87:13-37
96
97        <!-- since JCore 1.8.0 option 可选项可选项。用于同一设备中不同应用的 JMessage服务相互拉起的功能。 -->
98        <!-- 若不启用该功能可删除该组件，或把 enabled 设置成 false ；拉起服务被关闭，App 不会通过拉起服务拉起其他的 App，也不会被其他 App 拉起。 -->
99        <service
99-->afterfont\demo\AndroidManifest.xml:91:9-99:19
100            android:name="cn.jpush.android.service.DaemonService"
100-->afterfont\demo\AndroidManifest.xml:92:13-66
101            android:enabled="true"
101-->afterfont\demo\AndroidManifest.xml:93:13-35
102            android:exported="true" >
102-->afterfont\demo\AndroidManifest.xml:94:13-36
103            <intent-filter>
103-->afterfont\demo\AndroidManifest.xml:95:13-98:29
104                <action android:name="cn.jpush.android.intent.DaemonService" />
104-->afterfont\demo\AndroidManifest.xml:96:17-80
104-->afterfont\demo\AndroidManifest.xml:96:25-77
105
106                <category android:name="com.example.aisearch" />
106-->afterfont\demo\AndroidManifest.xml:56:17-65
106-->afterfont\demo\AndroidManifest.xml:56:27-62
107            </intent-filter>
108        </service>
109
110        <!-- Required since JMessage 2.7.0 SDK 核心功能 -->
111        <provider
111-->afterfont\demo\AndroidManifest.xml:102:9-105:40
112            android:name="cn.jpush.im.android.helpers.ipc.IMProvider"
112-->afterfont\demo\AndroidManifest.xml:103:13-70
113            android:authorities="com.example.aisearch.IMProvider"
113-->afterfont\demo\AndroidManifest.xml:104:13-66
114            android:exported="false" />
114-->afterfont\demo\AndroidManifest.xml:105:13-37
115
116        <!-- Required. For publish channel feature -->
117        <!-- JPUSH_CHANNEL 是为了方便开发者统计APK分发渠道。 -->
118        <!-- 例如: -->
119        <!-- 发到 Google Play 的APK可以设置为 google-play; -->
120        <!-- 发到其他市场的 APK 可以设置为 xxx-market。 -->
121        <!-- 目前这个渠道统计功能的报表还未开放。 -->
122        <meta-data
122-->afterfont\demo\AndroidManifest.xml:113:9-115:49
123            android:name="JPUSH_CHANNEL"
123-->afterfont\demo\AndroidManifest.xml:114:13-41
124            android:value="developer-default" />
124-->afterfont\demo\AndroidManifest.xml:115:13-46
125        <!-- Required. AppKey copied from Portal -->
126        <meta-data
126-->afterfont\demo\AndroidManifest.xml:117:9-119:56
127            android:name="JPUSH_APPKEY"
127-->afterfont\demo\AndroidManifest.xml:118:13-40
128            android:value="60bc63bbe2fc9abaf5346a47" />
128-->afterfont\demo\AndroidManifest.xml:119:13-53
129
130        <activity
130-->afterfont\demo\AndroidManifest.xml:121:9-124:20
131            android:name="im.sdk.debug.activity.RegisterAndLoginActivity"
131-->afterfont\demo\AndroidManifest.xml:122:13-74
132            android:launchMode="singleTask" >
132-->afterfont\demo\AndroidManifest.xml:123:13-44
133        </activity>
134        <activity android:name="im.sdk.debug.activity.setting.RegisterActivity" />
134-->afterfont\demo\AndroidManifest.xml:125:9-83
134-->afterfont\demo\AndroidManifest.xml:125:19-80
135        <activity android:name="im.sdk.debug.activity.setting.SettingMainActivity" />
135-->afterfont\demo\AndroidManifest.xml:126:9-86
135-->afterfont\demo\AndroidManifest.xml:126:19-83
136        <activity
136-->afterfont\demo\AndroidManifest.xml:127:9-129:47
137            android:name="im.sdk.debug.activity.TypeActivity"
137-->afterfont\demo\AndroidManifest.xml:128:13-62
138            android:launchMode="singleTask" />
138-->afterfont\demo\AndroidManifest.xml:129:13-44
139        <activity android:name="im.sdk.debug.activity.setting.InfoActivity" />
139-->afterfont\demo\AndroidManifest.xml:130:9-79
139-->afterfont\demo\AndroidManifest.xml:130:19-76
140        <activity android:name="im.sdk.debug.activity.setting.AssertEqualsActivity" />
140-->afterfont\demo\AndroidManifest.xml:131:9-87
140-->afterfont\demo\AndroidManifest.xml:131:19-84
141        <activity android:name="im.sdk.debug.activity.setting.GetUserInfoActivity" />
141-->afterfont\demo\AndroidManifest.xml:132:9-86
141-->afterfont\demo\AndroidManifest.xml:132:19-83
142        <activity android:name="im.sdk.debug.activity.setting.UpdatePassword" />
142-->afterfont\demo\AndroidManifest.xml:133:9-81
142-->afterfont\demo\AndroidManifest.xml:133:19-78
143        <activity android:name="im.sdk.debug.activity.setting.UpdateUserInfoActivity" />
143-->afterfont\demo\AndroidManifest.xml:134:9-89
143-->afterfont\demo\AndroidManifest.xml:134:19-86
144        <activity android:name="im.sdk.debug.activity.createmessage.CreateMessageActivity" />
144-->afterfont\demo\AndroidManifest.xml:135:9-94
144-->afterfont\demo\AndroidManifest.xml:135:19-91
145        <activity android:name="im.sdk.debug.activity.createmessage.CreateSigTextMessageActivity" />
145-->afterfont\demo\AndroidManifest.xml:136:9-101
145-->afterfont\demo\AndroidManifest.xml:136:19-98
146        <activity android:name="im.sdk.debug.activity.groupinfo.GroupInfoActivity" />
146-->afterfont\demo\AndroidManifest.xml:137:9-86
146-->afterfont\demo\AndroidManifest.xml:137:19-83
147        <activity android:name="im.sdk.debug.activity.groupinfo.CreateGroupActivity" />
147-->afterfont\demo\AndroidManifest.xml:138:9-88
147-->afterfont\demo\AndroidManifest.xml:138:19-85
148        <activity android:name="im.sdk.debug.activity.groupinfo.GetGroupInfoActivity" />
148-->afterfont\demo\AndroidManifest.xml:139:9-89
148-->afterfont\demo\AndroidManifest.xml:139:19-86
149        <activity android:name="im.sdk.debug.activity.conversation.ConversationActivity" />
149-->afterfont\demo\AndroidManifest.xml:140:9-92
149-->afterfont\demo\AndroidManifest.xml:140:19-89
150        <activity android:name="im.sdk.debug.activity.groupinfo.AddRemoveGroupMemberActivity" />
150-->afterfont\demo\AndroidManifest.xml:141:9-97
150-->afterfont\demo\AndroidManifest.xml:141:19-94
151        <activity android:name="im.sdk.debug.activity.groupinfo.UpdateGroupInfoActivity" />
151-->afterfont\demo\AndroidManifest.xml:142:9-92
151-->afterfont\demo\AndroidManifest.xml:142:19-89
152        <activity android:name="im.sdk.debug.activity.groupinfo.ExitGroupActivity" />
152-->afterfont\demo\AndroidManifest.xml:143:9-86
152-->afterfont\demo\AndroidManifest.xml:143:19-83
153        <activity android:name="im.sdk.debug.activity.groupinfo.GetLocalGroupMembersActivity" />
153-->afterfont\demo\AndroidManifest.xml:144:9-97
153-->afterfont\demo\AndroidManifest.xml:144:19-94
154        <activity android:name="im.sdk.debug.activity.createmessage.CreateGroupTextMsgActivity" />
154-->afterfont\demo\AndroidManifest.xml:145:9-99
154-->afterfont\demo\AndroidManifest.xml:145:19-96
155        <activity android:name="im.sdk.debug.activity.createmessage.CreateSigCustomMsgActivity" />
155-->afterfont\demo\AndroidManifest.xml:146:9-99
155-->afterfont\demo\AndroidManifest.xml:146:19-96
156        <activity android:name="im.sdk.debug.activity.createmessage.CreateSigImageMessageActivity" />
156-->afterfont\demo\AndroidManifest.xml:147:9-102
156-->afterfont\demo\AndroidManifest.xml:147:19-99
157        <activity android:name="im.sdk.debug.activity.createmessage.ShowMessageActivity" />
157-->afterfont\demo\AndroidManifest.xml:148:9-92
157-->afterfont\demo\AndroidManifest.xml:148:19-89
158        <activity android:name="im.sdk.debug.activity.createmessage.CreateGroupImageMsgActivity" />
158-->afterfont\demo\AndroidManifest.xml:149:9-100
158-->afterfont\demo\AndroidManifest.xml:149:19-97
159        <activity android:name="im.sdk.debug.activity.createmessage.CreateSigVoiceMsgActivity" />
159-->afterfont\demo\AndroidManifest.xml:150:9-98
159-->afterfont\demo\AndroidManifest.xml:150:19-95
160        <activity android:name="im.sdk.debug.activity.createmessage.CreateGroupCustomMsgActivity" />
160-->afterfont\demo\AndroidManifest.xml:151:9-101
160-->afterfont\demo\AndroidManifest.xml:151:19-98
161        <activity android:name="im.sdk.debug.activity.createmessage.CreateGroupVoiceMsgActivity" />
161-->afterfont\demo\AndroidManifest.xml:152:9-100
161-->afterfont\demo\AndroidManifest.xml:152:19-97
162        <activity android:name="im.sdk.debug.activity.notify.NotifyTypeActivity" />
162-->afterfont\demo\AndroidManifest.xml:153:9-84
162-->afterfont\demo\AndroidManifest.xml:153:19-81
163        <activity android:name="im.sdk.debug.activity.setting.GetBlackListActivity" />
163-->afterfont\demo\AndroidManifest.xml:154:9-87
163-->afterfont\demo\AndroidManifest.xml:154:19-84
164        <activity android:name="im.sdk.debug.activity.setting.AddRemoveBlackListActivity" />
164-->afterfont\demo\AndroidManifest.xml:155:9-93
164-->afterfont\demo\AndroidManifest.xml:155:19-90
165        <activity android:name="im.sdk.debug.activity.setting.UpdateUserAvatar" />
165-->afterfont\demo\AndroidManifest.xml:156:9-83
165-->afterfont\demo\AndroidManifest.xml:156:19-80
166        <activity android:name="im.sdk.debug.activity.setting.UpdateUserExtras" />
166-->afterfont\demo\AndroidManifest.xml:157:9-83
166-->afterfont\demo\AndroidManifest.xml:157:19-80
167        <activity android:name="im.sdk.debug.activity.messagecontent.SetGetStringExtraActivity" />
167-->afterfont\demo\AndroidManifest.xml:158:9-99
167-->afterfont\demo\AndroidManifest.xml:158:19-96
168        <activity android:name="im.sdk.debug.activity.messagecontent.SetGetNumberExtraActivity" />
168-->afterfont\demo\AndroidManifest.xml:159:9-99
168-->afterfont\demo\AndroidManifest.xml:159:19-96
169        <activity android:name="im.sdk.debug.activity.messagecontent.SetGetBooleanExtraActivity" />
169-->afterfont\demo\AndroidManifest.xml:160:9-100
169-->afterfont\demo\AndroidManifest.xml:160:19-97
170        <activity android:name="im.sdk.debug.activity.messagecontent.SetGetExtraActivity" />
170-->afterfont\demo\AndroidManifest.xml:161:9-93
170-->afterfont\demo\AndroidManifest.xml:161:19-90
171        <activity android:name="im.sdk.debug.activity.conversation.GetConversationInfoActivity" />
171-->afterfont\demo\AndroidManifest.xml:162:9-99
171-->afterfont\demo\AndroidManifest.xml:162:19-96
172        <activity android:name="im.sdk.debug.activity.conversation.OrderMessageActivity" />
172-->afterfont\demo\AndroidManifest.xml:163:9-92
172-->afterfont\demo\AndroidManifest.xml:163:19-89
173        <activity android:name="im.sdk.debug.activity.conversation.IsShowNotifySigActivity" />
173-->afterfont\demo\AndroidManifest.xml:164:9-95
173-->afterfont\demo\AndroidManifest.xml:164:19-92
174        <activity android:name="im.sdk.debug.activity.conversation.DeleteConversationActivity" />
174-->afterfont\demo\AndroidManifest.xml:165:9-98
174-->afterfont\demo\AndroidManifest.xml:165:19-95
175        <activity android:name="im.sdk.debug.activity.setting.NoDisturbListActivity" />
175-->afterfont\demo\AndroidManifest.xml:166:9-88
175-->afterfont\demo\AndroidManifest.xml:166:19-85
176        <activity android:name="im.sdk.debug.activity.setting.ShowLogoutReasonActivity" />
176-->afterfont\demo\AndroidManifest.xml:167:9-91
176-->afterfont\demo\AndroidManifest.xml:167:19-88
177        <activity android:name="im.sdk.debug.activity.createmessage.CreateSendFileActivity" />
177-->afterfont\demo\AndroidManifest.xml:168:9-95
177-->afterfont\demo\AndroidManifest.xml:168:19-92
178        <activity android:name="im.sdk.debug.activity.friend.FriendContactManager" />
178-->afterfont\demo\AndroidManifest.xml:169:9-86
178-->afterfont\demo\AndroidManifest.xml:169:19-83
179        <activity android:name="im.sdk.debug.activity.friend.AddFriendActivity" />
179-->afterfont\demo\AndroidManifest.xml:170:9-83
179-->afterfont\demo\AndroidManifest.xml:170:19-80
180        <activity android:name="im.sdk.debug.activity.friend.ShowFriendReasonActivity" />
180-->afterfont\demo\AndroidManifest.xml:171:9-90
180-->afterfont\demo\AndroidManifest.xml:171:19-87
181        <activity android:name="im.sdk.debug.activity.createmessage.CreateLocationMessageActivity" />
181-->afterfont\demo\AndroidManifest.xml:172:9-102
181-->afterfont\demo\AndroidManifest.xml:172:19-99
182        <activity android:name="im.sdk.debug.activity.groupinfo.BlockedGroupMsgActivity" />
182-->afterfont\demo\AndroidManifest.xml:173:9-92
182-->afterfont\demo\AndroidManifest.xml:173:19-89
183        <activity android:name="im.sdk.debug.activity.showinfo.ShowMyInfoUpdateActivity" />
183-->afterfont\demo\AndroidManifest.xml:174:9-92
183-->afterfont\demo\AndroidManifest.xml:174:19-89
184        <activity android:name="im.sdk.debug.activity.conversation.RetractMessageActivity" />
184-->afterfont\demo\AndroidManifest.xml:175:9-94
184-->afterfont\demo\AndroidManifest.xml:175:19-91
185        <activity android:name="im.sdk.debug.activity.conversation.ForwardMessageActivity" />
185-->afterfont\demo\AndroidManifest.xml:176:9-94
185-->afterfont\demo\AndroidManifest.xml:176:19-91
186        <activity android:name="im.sdk.debug.activity.conversation.MessageReceiptActivity" />
186-->afterfont\demo\AndroidManifest.xml:177:9-94
186-->afterfont\demo\AndroidManifest.xml:177:19-91
187        <activity android:name="im.sdk.debug.activity.createmessage.CreateTransCommandActivity" />
187-->afterfont\demo\AndroidManifest.xml:178:9-99
187-->afterfont\demo\AndroidManifest.xml:178:19-96
188        <activity android:name="im.sdk.debug.activity.createmessage.ShowTransCommandActivity" />
188-->afterfont\demo\AndroidManifest.xml:179:9-97
188-->afterfont\demo\AndroidManifest.xml:179:19-94
189        <activity android:name="im.sdk.debug.activity.chatroom.ChatRoomActivity" />
189-->afterfont\demo\AndroidManifest.xml:180:9-84
189-->afterfont\demo\AndroidManifest.xml:180:19-81
190        <activity android:name="im.sdk.debug.activity.groupinfo.ApplyJoinGroupActivity" />
190-->afterfont\demo\AndroidManifest.xml:181:9-91
190-->afterfont\demo\AndroidManifest.xml:181:19-88
191        <activity android:name="im.sdk.debug.activity.groupinfo.ShowGroupApprovalActivity" />
191-->afterfont\demo\AndroidManifest.xml:182:9-94
191-->afterfont\demo\AndroidManifest.xml:182:19-91
192        <activity android:name="im.sdk.debug.activity.groupinfo.SetGroupMemSilenceActivity" />
192-->afterfont\demo\AndroidManifest.xml:183:9-95
192-->afterfont\demo\AndroidManifest.xml:183:19-92
193        <activity android:name="im.sdk.debug.activity.groupinfo.GetPublicGroupInfosActivity" />
193-->afterfont\demo\AndroidManifest.xml:184:9-96
193-->afterfont\demo\AndroidManifest.xml:184:19-93
194        <activity android:name="im.sdk.debug.activity.groupinfo.GroupKeeperActivity" />
194-->afterfont\demo\AndroidManifest.xml:185:9-88
194-->afterfont\demo\AndroidManifest.xml:185:19-85
195        <activity android:name="im.sdk.debug.activity.groupinfo.DissolveGroupActivity" />
195-->afterfont\demo\AndroidManifest.xml:186:9-90
195-->afterfont\demo\AndroidManifest.xml:186:19-87
196        <activity android:name="im.sdk.debug.activity.groupinfo.ChangeGroupAdminActivity" />
196-->afterfont\demo\AndroidManifest.xml:187:9-93
196-->afterfont\demo\AndroidManifest.xml:187:19-90
197        <activity android:name="im.sdk.debug.activity.jmrtc.JMRTCActivity" />
197-->afterfont\demo\AndroidManifest.xml:188:9-77
197-->afterfont\demo\AndroidManifest.xml:188:19-75
198        <activity android:name="im.sdk.debug.activity.createmessage.CreateVideoMsgActivity" />
198-->afterfont\demo\AndroidManifest.xml:189:9-95
198-->afterfont\demo\AndroidManifest.xml:189:19-92
199        <activity android:name="im.sdk.debug.activity.groupinfo.HandleGroupApprovalInBatchActivity" />
199-->afterfont\demo\AndroidManifest.xml:190:9-103
199-->afterfont\demo\AndroidManifest.xml:190:19-100
200        <activity android:name="im.sdk.debug.activity.groupinfo.GroupMemNicknameActivity" />
200-->afterfont\demo\AndroidManifest.xml:191:9-93
200-->afterfont\demo\AndroidManifest.xml:191:19-90
201        <activity android:name="im.sdk.debug.activity.groupinfo.ShowMemNicknameChangedActivity" />
201-->afterfont\demo\AndroidManifest.xml:192:9-99
201-->afterfont\demo\AndroidManifest.xml:192:19-96
202        <activity android:name="im.sdk.debug.activity.groupinfo.GroupAnnouncementActivity" />
202-->afterfont\demo\AndroidManifest.xml:193:9-94
202-->afterfont\demo\AndroidManifest.xml:193:19-91
203        <activity
203-->afterfont\demo\AndroidManifest.xml:194:9-196:47
204            android:name="im.sdk.debug.activity.showinfo.ShowAnnouncementChangedActivity"
204-->afterfont\demo\AndroidManifest.xml:195:13-90
205            android:launchMode="singleTask" />
205-->afterfont\demo\AndroidManifest.xml:196:13-44
206        <activity android:name="im.sdk.debug.activity.groupinfo.GroupBlackListActivity" />
206-->afterfont\demo\AndroidManifest.xml:197:9-91
206-->afterfont\demo\AndroidManifest.xml:197:19-88
207        <activity
207-->afterfont\demo\AndroidManifest.xml:198:9-200:47
208            android:name="im.sdk.debug.activity.showinfo.ShowGroupBlcakListChangedActivity"
208-->afterfont\demo\AndroidManifest.xml:199:13-92
209            android:launchMode="singleTask" />
209-->afterfont\demo\AndroidManifest.xml:200:13-44
210        <activity android:name="im.sdk.debug.activity.showinfo.ShowChatRoomNotificationActivity" />
210-->afterfont\demo\AndroidManifest.xml:201:9-100
210-->afterfont\demo\AndroidManifest.xml:201:19-97
211    </application>
212
213</manifest>